time="2024-04-23T15:04:57+05:00" level=info msg="logger initialized" func="app.go:29" file="stackService/app.Init()"
time="2024-04-23T15:04:57+05:00" level=info msg="config initializing" func="app.go:30" file="stackService/app.Init()"
time="2024-04-23T15:04:57+05:00" level=info msg="read application config" func="config.go:46" file="stackService/internal/config.GetConfig.func1()"
time="2024-04-23T15:04:57+05:00" level=info func="config.go:50" file="stackService/internal/config.GetConfig.func1()"
time="2024-04-23T15:04:57+05:00" level=fatal msg="open /home/yuri/dev/tests/config.yml: no such file or directory" func="config.go:51" file="stackService/internal/config.GetConfig.func1()"
time="2024-04-23T15:29:51+05:00" level=info msg="logger initialized" func="app.go:29" file="stackService/app.Init()"
time="2024-04-23T15:29:51+05:00" level=info msg="config initializing" func="app.go:30" file="stackService/app.Init()"
time="2024-04-23T15:29:51+05:00" level=info msg="read application config" func="config.go:43" file="stackService/internal/config.GetConfig.func1()"
time="2024-04-23T15:29:51+05:00" level=info func="config.go:47" file="stackService/internal/config.GetConfig.func1()"
time="2024-04-23T15:29:51+05:00" level=fatal msg="open /home/yuri/dev/tests/web-stack/config.yml: no such file or directory" func="config.go:48" file="stackService/internal/config.GetConfig.func1()"
time="2024-04-23T15:30:47+05:00" level=info msg="logger initialized" func="app.go:29" file="stackService/app.Init()"
time="2024-04-23T15:30:47+05:00" level=info msg="config initializing" func="app.go:30" file="stackService/app.Init()"
time="2024-04-23T15:31:35+05:00" level=info msg="logger initialized" func="app.go:29" file="stackService/app.Init()"
time="2024-04-23T15:31:35+05:00" level=info msg="config initializing" func="app.go:30" file="stackService/app.Init()"
time="2024-04-23T15:32:28+05:00" level=info msg="logger initialized" func="app.go:29" file="stackService/app.Init()"
time="2024-04-23T15:32:28+05:00" level=info msg="config initializing" func="app.go:30" file="stackService/app.Init()"
time="2024-04-23T15:32:38+05:00" level=info msg="read application config" func="config.go:42" file="stackService/internal/config.GetConfig.func1()"
time="2024-04-23T15:32:38+05:00" level=info msg="postgresql db initiated" func="client.go:30" file="stackService/pkg/postgres.NewClient()"
time="2024-04-23T15:32:38+05:00" level=info msg="start application" func="app.go:56" file="stackService/app.Init()"
time="2024-04-23T15:32:38+05:00" level=info msg="bind application to host: 0.0.0.0 and port: 10003" func="app.go:78" file="stackService/app.start()"
time="2024-04-23T15:32:38+05:00" level=info msg="application initialized and started" func="app.go:97" file="stackService/app.start()"
time="2024-04-23T15:34:36+05:00" level=info msg=PUSH func="handler.go:31" file="stackService/internal/stack.(*Handler).Push()"
time="2024-04-23T15:34:55+05:00" level=info msg=PUSH func="handler.go:31" file="stackService/internal/stack.(*Handler).Push()"
time="2024-04-23T15:35:40+05:00" level=info msg=PUSH func="handler.go:31" file="stackService/internal/stack.(*Handler).Push()"
time="2024-04-23T15:37:11+05:00" level=info msg="logger initialized" func="app.go:29" file="stackService/app.Init()"
time="2024-04-23T15:37:11+05:00" level=info msg="config initializing" func="app.go:30" file="stackService/app.Init()"
time="2024-04-23T15:37:11+05:00" level=info msg="read application config" func="config.go:42" file="stackService/internal/config.GetConfig.func1()"
time="2024-04-23T15:37:11+05:00" level=info msg="postgresql db initiated" func="client.go:30" file="stackService/pkg/postgres.NewClient()"
time="2024-04-23T15:37:11+05:00" level=info msg="start application" func="app.go:56" file="stackService/app.Init()"
time="2024-04-23T15:37:11+05:00" level=info msg="bind application to host: 0.0.0.0 and port: 10003" func="app.go:78" file="stackService/app.start()"
time="2024-04-23T15:37:11+05:00" level=info msg="application initialized and started" func="app.go:97" file="stackService/app.start()"
time="2024-04-23T15:37:28+05:00" level=info msg=PUSH func="handler.go:31" file="stackService/internal/stack.(*Handler).Push()"
time="2024-04-23T15:38:19+05:00" level=info msg=PUSH func="handler.go:31" file="stackService/internal/stack.(*Handler).Push()"
time="2024-04-23T15:40:38+05:00" level=info msg="logger initialized" func="app.go:29" file="stackService/app.Init()"
time="2024-04-23T15:40:38+05:00" level=info msg="config initializing" func="app.go:30" file="stackService/app.Init()"
time="2024-04-23T15:40:38+05:00" level=info msg="read application config" func="config.go:42" file="stackService/internal/config.GetConfig.func1()"
time="2024-04-23T15:40:38+05:00" level=info msg="postgresql db initiated" func="client.go:31" file="stackService/pkg/postgres.NewClient()"
time="2024-04-23T15:40:38+05:00" level=info msg="start application" func="app.go:56" file="stackService/app.Init()"
time="2024-04-23T15:40:38+05:00" level=info msg="bind application to host: 0.0.0.0 and port: 10003" func="app.go:78" file="stackService/app.start()"
time="2024-04-23T15:40:38+05:00" level=info msg="application initialized and started" func="app.go:97" file="stackService/app.start()"
time="2024-04-23T15:40:49+05:00" level=info msg=PUSH func="handler.go:31" file="stackService/internal/stack.(*Handler).Push()"
time="2024-04-23T15:41:24+05:00" level=info msg="logger initialized" func="app.go:29" file="stackService/app.Init()"
time="2024-04-23T15:41:24+05:00" level=info msg="config initializing" func="app.go:30" file="stackService/app.Init()"
time="2024-04-23T15:41:24+05:00" level=info msg="read application config" func="config.go:42" file="stackService/internal/config.GetConfig.func1()"
time="2024-04-23T15:41:24+05:00" level=info msg="postgresql db initiated" func="client.go:31" file="stackService/pkg/postgres.NewClient()"
time="2024-04-23T15:41:24+05:00" level=info msg="start application" func="app.go:56" file="stackService/app.Init()"
time="2024-04-23T15:41:24+05:00" level=info msg="bind application to host: 0.0.0.0 and port: 10003" func="app.go:78" file="stackService/app.start()"
time="2024-04-23T15:41:24+05:00" level=info msg="application initialized and started" func="app.go:97" file="stackService/app.start()"
time="2024-04-23T15:41:41+05:00" level=info msg=PUSH func="handler.go:31" file="stackService/internal/stack.(*Handler).Push()"
time="2024-04-23T15:44:14+05:00" level=info msg="logger initialized" func="app.go:29" file="stackService/app.Init()"
time="2024-04-23T15:44:14+05:00" level=info msg="config initializing" func="app.go:30" file="stackService/app.Init()"
time="2024-04-23T15:44:14+05:00" level=info msg="read application config" func="config.go:42" file="stackService/internal/config.GetConfig.func1()"
time="2024-04-23T15:44:14+05:00" level=info msg="postgresql db initiated" func="client.go:30" file="stackService/pkg/postgres.NewClient()"
time="2024-04-23T15:44:14+05:00" level=info msg="start application" func="app.go:56" file="stackService/app.Init()"
time="2024-04-23T15:44:14+05:00" level=info msg="bind application to host: 0.0.0.0 and port: 10003" func="app.go:78" file="stackService/app.start()"
time="2024-04-23T15:44:14+05:00" level=info msg="application initialized and started" func="app.go:97" file="stackService/app.start()"
time="2024-04-23T15:45:29+05:00" level=info msg="logger initialized" func="app.go:29" file="stackService/app.Init()"
time="2024-04-23T15:45:29+05:00" level=info msg="config initializing" func="app.go:30" file="stackService/app.Init()"
time="2024-04-23T15:45:29+05:00" level=info msg="read application config" func="config.go:42" file="stackService/internal/config.GetConfig.func1()"
time="2024-04-23T15:45:29+05:00" level=info msg="postgresql db initiated" func="client.go:31" file="stackService/pkg/postgres.NewClient()"
time="2024-04-23T15:45:29+05:00" level=info msg="start application" func="app.go:56" file="stackService/app.Init()"
time="2024-04-23T15:45:29+05:00" level=info msg="bind application to host: 0.0.0.0 and port: 10003" func="app.go:78" file="stackService/app.start()"
time="2024-04-23T15:45:29+05:00" level=info msg="application initialized and started" func="app.go:97" file="stackService/app.start()"
time="2024-04-23T15:45:56+05:00" level=info msg=PUSH func="handler.go:31" file="stackService/internal/stack.(*Handler).Push()"
time="2024-04-23T15:46:13+05:00" level=info msg=PUSH func="handler.go:31" file="stackService/internal/stack.(*Handler).Push()"
time="2024-04-23T15:46:36+05:00" level=info msg="logger initialized" func="app.go:29" file="stackService/app.Init()"
time="2024-04-23T15:46:36+05:00" level=info msg="config initializing" func="app.go:30" file="stackService/app.Init()"
time="2024-04-23T15:46:36+05:00" level=info msg="read application config" func="config.go:42" file="stackService/internal/config.GetConfig.func1()"
time="2024-04-23T15:46:36+05:00" level=info msg="postgresql db initiated" func="client.go:31" file="stackService/pkg/postgres.NewClient()"
time="2024-04-23T15:46:36+05:00" level=info msg="start application" func="app.go:56" file="stackService/app.Init()"
time="2024-04-23T15:46:36+05:00" level=info msg="bind application to host: 0.0.0.0 and port: 10003" func="app.go:78" file="stackService/app.start()"
time="2024-04-23T15:46:36+05:00" level=info msg="application initialized and started" func="app.go:97" file="stackService/app.start()"
time="2024-04-23T15:46:39+05:00" level=info msg=PUSH func="handler.go:31" file="stackService/internal/stack.(*Handler).Push()"
time="2024-04-23T15:49:03+05:00" level=info msg="logger initialized" func="app.go:29" file="stackService/app.Init()"
time="2024-04-23T15:49:03+05:00" level=info msg="config initializing" func="app.go:30" file="stackService/app.Init()"
time="2024-04-23T15:49:03+05:00" level=info msg="read application config" func="config.go:42" file="stackService/internal/config.GetConfig.func1()"
time="2024-04-23T15:49:04+05:00" level=info msg="postgresql db initiated" func="client.go:31" file="stackService/pkg/postgres.NewClient()"
time="2024-04-23T15:49:04+05:00" level=info msg="start application" func="app.go:56" file="stackService/app.Init()"
time="2024-04-23T15:49:04+05:00" level=info msg="bind application to host: 0.0.0.0 and port: 10003" func="app.go:78" file="stackService/app.start()"
time="2024-04-23T15:49:04+05:00" level=info msg="application initialized and started" func="app.go:97" file="stackService/app.start()"
time="2024-04-23T15:49:10+05:00" level=info msg=PUSH func="handler.go:31" file="stackService/internal/stack.(*Handler).Push()"
time="2024-04-23T15:49:42+05:00" level=info msg=PUSH func="handler.go:31" file="stackService/internal/stack.(*Handler).Push()"
time="2024-04-23T15:49:53+05:00" level=info msg=PUSH func="handler.go:31" file="stackService/internal/stack.(*Handler).Push()"
time="2024-04-23T15:50:00+05:00" level=info msg=PUSH func="handler.go:31" file="stackService/internal/stack.(*Handler).Push()"
time="2024-04-23T15:50:07+05:00" level=info msg=PUSH func="handler.go:31" file="stackService/internal/stack.(*Handler).Push()"
time="2024-04-23T15:50:36+05:00" level=info msg=PUSH func="handler.go:31" file="stackService/internal/stack.(*Handler).Push()"
time="2024-04-23T15:50:47+05:00" level=info msg=POP func="handler.go:48" file="stackService/internal/stack.(*Handler).Pop()"
time="2024-04-23T15:52:24+05:00" level=info msg="logger initialized" func="app.go:29" file="stackService/app.Init()"
time="2024-04-23T15:52:24+05:00" level=info msg="config initializing" func="app.go:30" file="stackService/app.Init()"
time="2024-04-23T15:52:24+05:00" level=info msg="read application config" func="config.go:42" file="stackService/internal/config.GetConfig.func1()"
time="2024-04-23T15:52:24+05:00" level=info msg="postgresql db initiated" func="client.go:31" file="stackService/pkg/postgres.NewClient()"
time="2024-04-23T15:52:24+05:00" level=info msg="start application" func="app.go:56" file="stackService/app.Init()"
time="2024-04-23T15:52:24+05:00" level=info msg="bind application to host: 0.0.0.0 and port: 10003" func="app.go:78" file="stackService/app.start()"
time="2024-04-23T15:52:24+05:00" level=info msg="application initialized and started" func="app.go:97" file="stackService/app.start()"
time="2024-04-23T15:52:27+05:00" level=info msg=POP func="handler.go:48" file="stackService/internal/stack.(*Handler).Pop()"
time="2024-04-23T16:05:09+05:00" level=info msg="logger initialized" func="app.go:29" file="stackService/app.Init()"
time="2024-04-23T16:05:09+05:00" level=info msg="config initializing" func="app.go:30" file="stackService/app.Init()"
time="2024-04-23T16:05:09+05:00" level=info msg="read application config" func="config.go:42" file="stackService/internal/config.GetConfig.func1()"
time="2024-04-23T16:05:09+05:00" level=info msg="postgresql db initiated" func="client.go:31" file="stackService/pkg/postgres.NewClient()"
time="2024-04-23T16:05:09+05:00" level=info msg="start application" func="app.go:56" file="stackService/app.Init()"
time="2024-04-23T16:05:09+05:00" level=info msg="bind application to host: 0.0.0.0 and port: 10003" func="app.go:78" file="stackService/app.start()"
time="2024-04-23T16:05:09+05:00" level=info msg="application initialized and started" func="app.go:97" file="stackService/app.start()"
time="2024-04-23T16:05:25+05:00" level=info msg=POP func="handler.go:48" file="stackService/internal/stack.(*Handler).Pop()"
time="2024-04-23T16:05:50+05:00" level=info msg=POP func="handler.go:48" file="stackService/internal/stack.(*Handler).Pop()"
time="2024-04-23T16:05:50+05:00" level=info msg=POP func="handler.go:48" file="stackService/internal/stack.(*Handler).Pop()"
time="2024-04-23T16:05:51+05:00" level=info msg=POP func="handler.go:48" file="stackService/internal/stack.(*Handler).Pop()"
time="2024-04-23T16:05:52+05:00" level=info msg=POP func="handler.go:48" file="stackService/internal/stack.(*Handler).Pop()"
time="2024-04-23T16:05:56+05:00" level=info msg=POP func="handler.go:48" file="stackService/internal/stack.(*Handler).Pop()"
time="2024-04-23T16:06:00+05:00" level=info msg=POP func="handler.go:48" file="stackService/internal/stack.(*Handler).Pop()"
time="2024-04-23T16:06:02+05:00" level=info msg=POP func="handler.go:48" file="stackService/internal/stack.(*Handler).Pop()"
time="2024-04-23T16:06:02+05:00" level=info msg=POP func="handler.go:48" file="stackService/internal/stack.(*Handler).Pop()"
time="2024-04-23T16:06:07+05:00" level=info msg=PUSH func="handler.go:31" file="stackService/internal/stack.(*Handler).Push()"
time="2024-04-23T16:06:11+05:00" level=info msg=PUSH func="handler.go:31" file="stackService/internal/stack.(*Handler).Push()"
time="2024-04-23T16:06:15+05:00" level=info msg=POP func="handler.go:48" file="stackService/internal/stack.(*Handler).Pop()"
time="2024-04-23T16:06:19+05:00" level=info msg=POP func="handler.go:48" file="stackService/internal/stack.(*Handler).Pop()"
time="2024-04-23T16:11:22+05:00" level=info msg="logger initialized" func="app.go:29" file="stackService/app.Init()"
time="2024-04-23T16:11:22+05:00" level=info msg="config initializing" func="app.go:30" file="stackService/app.Init()"
time="2024-04-23T16:11:22+05:00" level=info msg="read application config" func="config.go:42" file="stackService/internal/config.GetConfig.func1()"
time="2024-04-23T16:11:22+05:00" level=info msg="postgresql db initiated" func="client.go:31" file="stackService/pkg/postgres.NewClient()"
time="2024-04-23T16:11:22+05:00" level=info msg="start application" func="app.go:56" file="stackService/app.Init()"
time="2024-04-23T16:11:22+05:00" level=info msg="bind application to host: 0.0.0.0 and port: 10003" func="app.go:78" file="stackService/app.start()"
time="2024-04-23T16:11:22+05:00" level=info msg="application initialized and started" func="app.go:97" file="stackService/app.start()"
time="2024-04-23T16:11:33+05:00" level=info msg=POP func="handler.go:49" file="stackService/internal/stack.(*Handler).Pop()"
time="2024-04-23T16:12:07+05:00" level=info msg="logger initialized" func="app.go:29" file="stackService/app.Init()"
time="2024-04-23T16:12:07+05:00" level=info msg="config initializing" func="app.go:30" file="stackService/app.Init()"
time="2024-04-23T16:12:07+05:00" level=info msg="read application config" func="config.go:42" file="stackService/internal/config.GetConfig.func1()"
time="2024-04-23T16:12:07+05:00" level=info msg="postgresql db initiated" func="client.go:31" file="stackService/pkg/postgres.NewClient()"
time="2024-04-23T16:12:07+05:00" level=info msg="start application" func="app.go:56" file="stackService/app.Init()"
time="2024-04-23T16:12:07+05:00" level=info msg="bind application to host: 0.0.0.0 and port: 10003" func="app.go:78" file="stackService/app.start()"
time="2024-04-23T16:12:07+05:00" level=info msg="application initialized and started" func="app.go:97" file="stackService/app.start()"
time="2024-04-23T16:12:13+05:00" level=info msg=POP func="handler.go:49" file="stackService/internal/stack.(*Handler).Pop()"
time="2024-04-23T16:12:14+05:00" level=info msg=POP func="handler.go:49" file="stackService/internal/stack.(*Handler).Pop()"
time="2024-04-23T16:12:37+05:00" level=info msg=POP func="handler.go:49" file="stackService/internal/stack.(*Handler).Pop()"
time="2024-04-23T16:12:43+05:00" level=info msg=PUSH func="handler.go:31" file="stackService/internal/stack.(*Handler).Push()"
time="2024-04-23T16:12:44+05:00" level=info msg=PUSH func="handler.go:31" file="stackService/internal/stack.(*Handler).Push()"
time="2024-04-23T16:12:46+05:00" level=info msg=PUSH func="handler.go:31" file="stackService/internal/stack.(*Handler).Push()"
time="2024-04-23T16:12:47+05:00" level=info msg=PUSH func="handler.go:31" file="stackService/internal/stack.(*Handler).Push()"
time="2024-04-23T16:12:51+05:00" level=info msg=PUSH func="handler.go:31" file="stackService/internal/stack.(*Handler).Push()"
time="2024-04-23T16:12:59+05:00" level=info msg=POP func="handler.go:49" file="stackService/internal/stack.(*Handler).Pop()"
time="2024-04-23T16:13:00+05:00" level=info msg=POP func="handler.go:49" file="stackService/internal/stack.(*Handler).Pop()"
time="2024-04-23T16:13:01+05:00" level=info msg=POP func="handler.go:49" file="stackService/internal/stack.(*Handler).Pop()"
time="2024-04-23T16:13:02+05:00" level=info msg=POP func="handler.go:49" file="stackService/internal/stack.(*Handler).Pop()"
time="2024-04-23T16:13:03+05:00" level=info msg=POP func="handler.go:49" file="stackService/internal/stack.(*Handler).Pop()"
time="2024-04-23T16:13:04+05:00" level=info msg=POP func="handler.go:49" file="stackService/internal/stack.(*Handler).Pop()"
time="2024-04-23T16:17:21+05:00" level=info msg="logger initialized" func="app.go:29" file="stackService/app.Init()"
time="2024-04-23T16:17:21+05:00" level=info msg="config initializing" func="app.go:30" file="stackService/app.Init()"
time="2024-04-23T16:17:21+05:00" level=info msg="read application config" func="config.go:42" file="stackService/internal/config.GetConfig.func1()"
time="2024-04-23T16:17:21+05:00" level=info msg="postgresql db initiated" func="client.go:31" file="stackService/pkg/postgres.NewClient()"
time="2024-04-23T16:17:21+05:00" level=info msg="start application" func="app.go:56" file="stackService/app.Init()"
time="2024-04-23T16:17:21+05:00" level=info msg="bind application to host: 0.0.0.0 and port: 10003" func="app.go:78" file="stackService/app.start()"
time="2024-04-23T16:17:21+05:00" level=info msg="application initialized and started" func="app.go:97" file="stackService/app.start()"
time="2024-04-23T16:17:28+05:00" level=info msg=PUSH func="handler.go:31" file="stackService/internal/stack.(*Handler).Push()"
time="2024-04-23T16:17:29+05:00" level=info msg=PUSH func="handler.go:31" file="stackService/internal/stack.(*Handler).Push()"
time="2024-04-23T16:17:31+05:00" level=info msg=PUSH func="handler.go:31" file="stackService/internal/stack.(*Handler).Push()"
time="2024-04-23T16:17:31+05:00" level=info msg=PUSH func="handler.go:31" file="stackService/internal/stack.(*Handler).Push()"
time="2024-04-23T16:17:32+05:00" level=info msg=PUSH func="handler.go:31" file="stackService/internal/stack.(*Handler).Push()"
time="2024-04-23T16:17:34+05:00" level=info msg=POP func="handler.go:49" file="stackService/internal/stack.(*Handler).Pop()"
time="2024-04-23T16:17:34+05:00" level=info msg=POP func="handler.go:49" file="stackService/internal/stack.(*Handler).Pop()"
time="2024-04-23T16:17:35+05:00" level=info msg=POP func="handler.go:49" file="stackService/internal/stack.(*Handler).Pop()"
time="2024-04-23T16:17:36+05:00" level=info msg=POP func="handler.go:49" file="stackService/internal/stack.(*Handler).Pop()"
time="2024-04-23T16:17:37+05:00" level=info msg=POP func="handler.go:49" file="stackService/internal/stack.(*Handler).Pop()"
time="2024-04-23T16:17:38+05:00" level=info msg=POP func="handler.go:49" file="stackService/internal/stack.(*Handler).Pop()"
time="2024-04-23T16:20:18+05:00" level=info msg="logger initialized" func="app.go:29" file="stackService/app.Init()"
time="2024-04-23T16:20:18+05:00" level=info msg="config initializing" func="app.go:30" file="stackService/app.Init()"
time="2024-04-23T16:20:18+05:00" level=info msg="read application config" func="config.go:42" file="stackService/internal/config.GetConfig.func1()"
time="2024-04-23T16:20:18+05:00" level=info msg="postgresql db initiated" func="client.go:31" file="stackService/pkg/postgres.NewClient()"
time="2024-04-23T16:20:18+05:00" level=info msg="start application" func="app.go:56" file="stackService/app.Init()"
time="2024-04-23T16:20:18+05:00" level=info msg="bind application to host: 0.0.0.0 and port: 10003" func="app.go:78" file="stackService/app.start()"
time="2024-04-23T16:20:18+05:00" level=info msg="application initialized and started" func="app.go:97" file="stackService/app.start()"
time="2024-04-23T16:20:26+05:00" level=info msg=PUSH func="handler.go:31" file="stackService/internal/stack.(*Handler).Push()"
time="2024-04-23T16:20:27+05:00" level=info msg=PUSH func="handler.go:31" file="stackService/internal/stack.(*Handler).Push()"
time="2024-04-23T16:20:27+05:00" level=info msg=PUSH func="handler.go:31" file="stackService/internal/stack.(*Handler).Push()"
time="2024-04-23T16:20:28+05:00" level=info msg=PUSH func="handler.go:31" file="stackService/internal/stack.(*Handler).Push()"
time="2024-04-23T16:20:29+05:00" level=info msg=PUSH func="handler.go:31" file="stackService/internal/stack.(*Handler).Push()"
time="2024-04-23T16:20:29+05:00" level=info msg=PUSH func="handler.go:31" file="stackService/internal/stack.(*Handler).Push()"
time="2024-04-23T16:20:30+05:00" level=info msg=PUSH func="handler.go:31" file="stackService/internal/stack.(*Handler).Push()"
time="2024-04-23T16:20:32+05:00" level=info msg=POP func="handler.go:53" file="stackService/internal/stack.(*Handler).Pop()"
time="2024-04-23T16:20:33+05:00" level=info msg=POP func="handler.go:53" file="stackService/internal/stack.(*Handler).Pop()"
time="2024-04-23T16:20:34+05:00" level=info msg=POP func="handler.go:53" file="stackService/internal/stack.(*Handler).Pop()"
time="2024-04-23T16:20:34+05:00" level=info msg=POP func="handler.go:53" file="stackService/internal/stack.(*Handler).Pop()"
time="2024-04-23T16:20:35+05:00" level=info msg=POP func="handler.go:53" file="stackService/internal/stack.(*Handler).Pop()"
time="2024-04-23T16:20:36+05:00" level=info msg=POP func="handler.go:53" file="stackService/internal/stack.(*Handler).Pop()"
time="2024-04-23T16:20:36+05:00" level=info msg=POP func="handler.go:53" file="stackService/internal/stack.(*Handler).Pop()"
time="2024-04-23T16:20:37+05:00" level=info msg=POP func="handler.go:53" file="stackService/internal/stack.(*Handler).Pop()"
time="2024-04-23T16:21:00+05:00" level=info msg=POP func="handler.go:53" file="stackService/internal/stack.(*Handler).Pop()"
time="2024-04-23T16:30:37+05:00" level=info msg="logger initialized" func="app.go:29" file="stackService/app.Init()"
time="2024-04-23T16:30:37+05:00" level=info msg="config initializing" func="app.go:30" file="stackService/app.Init()"
time="2024-04-23T16:30:37+05:00" level=info msg="read application config" func="config.go:42" file="stackService/internal/config.GetConfig.func1()"
time="2024-04-23T16:30:37+05:00" level=info msg="postgresql db initiated" func="client.go:31" file="stackService/pkg/postgres.NewClient()"
time="2024-04-23T16:30:37+05:00" level=info msg="start application" func="app.go:56" file="stackService/app.Init()"
time="2024-04-23T16:30:37+05:00" level=info msg="bind application to host: 0.0.0.0 and port: 10003" func="app.go:78" file="stackService/app.start()"
time="2024-04-23T16:30:37+05:00" level=info msg="application initialized and started" func="app.go:97" file="stackService/app.start()"
time="2024-04-23T16:30:46+05:00" level=info msg=POP func="handler.go:53" file="stackService/internal/stack.(*Handler).Pop()"
time="2024-04-23T16:30:50+05:00" level=info msg=PUSH func="handler.go:31" file="stackService/internal/stack.(*Handler).Push()"
time="2024-04-23T16:30:51+05:00" level=info msg=PUSH func="handler.go:31" file="stackService/internal/stack.(*Handler).Push()"
time="2024-04-23T16:30:52+05:00" level=info msg=PUSH func="handler.go:31" file="stackService/internal/stack.(*Handler).Push()"
time="2024-04-23T16:30:54+05:00" level=info msg=PUSH func="handler.go:31" file="stackService/internal/stack.(*Handler).Push()"
time="2024-04-23T16:30:58+05:00" level=info msg=PUSH func="handler.go:31" file="stackService/internal/stack.(*Handler).Push()"
time="2024-04-23T16:31:01+05:00" level=info msg=PUSH func="handler.go:31" file="stackService/internal/stack.(*Handler).Push()"
time="2024-04-23T16:31:09+05:00" level=info msg=PUSH func="handler.go:31" file="stackService/internal/stack.(*Handler).Push()"
time="2024-04-23T16:31:10+05:00" level=info msg=PUSH func="handler.go:31" file="stackService/internal/stack.(*Handler).Push()"
time="2024-04-23T16:31:27+05:00" level=info msg=POP func="handler.go:53" file="stackService/internal/stack.(*Handler).Pop()"
time="2024-04-23T16:31:28+05:00" level=info msg=POP func="handler.go:53" file="stackService/internal/stack.(*Handler).Pop()"
time="2024-04-23T16:31:29+05:00" level=info msg=POP func="handler.go:53" file="stackService/internal/stack.(*Handler).Pop()"
time="2024-04-23T16:31:30+05:00" level=info msg=POP func="handler.go:53" file="stackService/internal/stack.(*Handler).Pop()"
time="2024-04-23T16:31:31+05:00" level=info msg=POP func="handler.go:53" file="stackService/internal/stack.(*Handler).Pop()"
time="2024-04-23T16:31:31+05:00" level=info msg=POP func="handler.go:53" file="stackService/internal/stack.(*Handler).Pop()"
time="2024-04-23T16:31:35+05:00" level=info msg=POP func="handler.go:53" file="stackService/internal/stack.(*Handler).Pop()"
time="2024-04-23T16:31:36+05:00" level=info msg=POP func="handler.go:53" file="stackService/internal/stack.(*Handler).Pop()"
time="2024-04-23T16:31:36+05:00" level=info msg=POP func="handler.go:53" file="stackService/internal/stack.(*Handler).Pop()"
time="2024-04-23T16:31:48+05:00" level=info msg=PUSH func="handler.go:31" file="stackService/internal/stack.(*Handler).Push()"
time="2024-04-23T16:32:39+05:00" level=info msg="logger initialized" func="app.go:29" file="stackService/app.Init()"
time="2024-04-23T16:32:39+05:00" level=info msg="config initializing" func="app.go:30" file="stackService/app.Init()"
time="2024-04-23T16:32:39+05:00" level=info msg="read application config" func="config.go:42" file="stackService/internal/config.GetConfig.func1()"
time="2024-04-23T16:32:39+05:00" level=info msg="postgresql db initiated" func="client.go:31" file="stackService/pkg/postgres.NewClient()"
time="2024-04-23T16:32:39+05:00" level=info msg="start application" func="app.go:56" file="stackService/app.Init()"
time="2024-04-23T16:32:39+05:00" level=info msg="bind application to host: 0.0.0.0 and port: 10003" func="app.go:78" file="stackService/app.start()"
time="2024-04-23T16:32:39+05:00" level=info msg="application initialized and started" func="app.go:97" file="stackService/app.start()"
time="2024-04-23T16:32:47+05:00" level=info msg=PUSH func="handler.go:31" file="stackService/internal/stack.(*Handler).Push()"
time="2024-04-23T16:32:49+05:00" level=info msg=PUSH func="handler.go:31" file="stackService/internal/stack.(*Handler).Push()"
time="2024-04-23T16:34:06+05:00" level=info msg=PUSH func="handler.go:31" file="stackService/internal/stack.(*Handler).Push()"
time="2024-04-23T16:35:55+05:00" level=info msg="logger initialized" func="app.go:29" file="stackService/app.Init()"
time="2024-04-23T16:35:55+05:00" level=info msg="config initializing" func="app.go:30" file="stackService/app.Init()"
time="2024-04-23T16:35:55+05:00" level=info msg="read application config" func="config.go:42" file="stackService/internal/config.GetConfig.func1()"
time="2024-04-23T16:35:55+05:00" level=info msg="postgresql db initiated" func="client.go:31" file="stackService/pkg/postgres.NewClient()"
time="2024-04-23T16:35:55+05:00" level=info msg="start application" func="app.go:56" file="stackService/app.Init()"
time="2024-04-23T16:35:55+05:00" level=info msg="bind application to host: 0.0.0.0 and port: 10003" func="app.go:78" file="stackService/app.start()"
time="2024-04-23T16:35:55+05:00" level=info msg="application initialized and started" func="app.go:97" file="stackService/app.start()"
time="2024-04-23T16:35:58+05:00" level=info msg=PUSH func="handler.go:31" file="stackService/internal/stack.(*Handler).Push()"
time="2024-04-23T16:36:11+05:00" level=info msg=PUSH func="handler.go:31" file="stackService/internal/stack.(*Handler).Push()"
time="2024-04-23T16:36:18+05:00" level=info msg=PUSH func="handler.go:31" file="stackService/internal/stack.(*Handler).Push()"
time="2024-04-23T16:36:43+05:00" level=info msg="logger initialized" func="app.go:29" file="stackService/app.Init()"
time="2024-04-23T16:36:43+05:00" level=info msg="config initializing" func="app.go:30" file="stackService/app.Init()"
time="2024-04-23T16:36:43+05:00" level=info msg="read application config" func="config.go:42" file="stackService/internal/config.GetConfig.func1()"
time="2024-04-23T16:36:44+05:00" level=info msg="postgresql db initiated" func="client.go:31" file="stackService/pkg/postgres.NewClient()"
time="2024-04-23T16:36:44+05:00" level=info msg="start application" func="app.go:56" file="stackService/app.Init()"
time="2024-04-23T16:36:44+05:00" level=info msg="bind application to host: 0.0.0.0 and port: 10003" func="app.go:78" file="stackService/app.start()"
time="2024-04-23T16:36:44+05:00" level=info msg="application initialized and started" func="app.go:97" file="stackService/app.start()"
time="2024-04-23T16:36:46+05:00" level=info msg=PUSH func="handler.go:31" file="stackService/internal/stack.(*Handler).Push()"
time="2024-04-23T16:38:33+05:00" level=info msg="logger initialized" func="app.go:29" file="stackService/app.Init()"
time="2024-04-23T16:38:33+05:00" level=info msg="config initializing" func="app.go:30" file="stackService/app.Init()"
time="2024-04-23T16:38:33+05:00" level=info msg="read application config" func="config.go:42" file="stackService/internal/config.GetConfig.func1()"
time="2024-04-23T16:38:33+05:00" level=info msg="postgresql db initiated" func="client.go:31" file="stackService/pkg/postgres.NewClient()"
time="2024-04-23T16:38:33+05:00" level=info msg="start application" func="app.go:56" file="stackService/app.Init()"
time="2024-04-23T16:38:33+05:00" level=info msg="bind application to host: 0.0.0.0 and port: 10003" func="app.go:78" file="stackService/app.start()"
time="2024-04-23T16:38:33+05:00" level=info msg="application initialized and started" func="app.go:97" file="stackService/app.start()"
time="2024-04-23T16:38:43+05:00" level=info msg=PUSH func="handler.go:31" file="stackService/internal/stack.(*Handler).Push()"
time="2024-04-23T16:38:47+05:00" level=info msg=PUSH func="handler.go:31" file="stackService/internal/stack.(*Handler).Push()"
time="2024-04-23T16:38:49+05:00" level=info msg=PUSH func="handler.go:31" file="stackService/internal/stack.(*Handler).Push()"
time="2024-04-23T16:38:52+05:00" level=info msg=PUSH func="handler.go:31" file="stackService/internal/stack.(*Handler).Push()"
time="2024-04-23T16:38:56+05:00" level=info msg=PUSH func="handler.go:31" file="stackService/internal/stack.(*Handler).Push()"
time="2024-04-23T16:38:58+05:00" level=info msg=POP func="handler.go:55" file="stackService/internal/stack.(*Handler).Pop()"
time="2024-04-23T16:38:58+05:00" level=info msg=POP func="handler.go:55" file="stackService/internal/stack.(*Handler).Pop()"
time="2024-04-23T16:38:59+05:00" level=info msg=POP func="handler.go:55" file="stackService/internal/stack.(*Handler).Pop()"
time="2024-04-23T16:39:00+05:00" level=info msg=POP func="handler.go:55" file="stackService/internal/stack.(*Handler).Pop()"
time="2024-04-23T16:39:00+05:00" level=info msg=POP func="handler.go:55" file="stackService/internal/stack.(*Handler).Pop()"
time="2024-04-23T16:39:01+05:00" level=info msg=POP func="handler.go:55" file="stackService/internal/stack.(*Handler).Pop()"
time="2024-04-23T16:39:02+05:00" level=info msg=POP func="handler.go:55" file="stackService/internal/stack.(*Handler).Pop()"
time="2024-04-23T16:39:03+05:00" level=info msg=POP func="handler.go:55" file="stackService/internal/stack.(*Handler).Pop()"
time="2024-04-23T16:39:59+05:00" level=info msg="logger initialized" func="app.go:29" file="stackService/app.Init()"
time="2024-04-23T16:39:59+05:00" level=info msg="config initializing" func="app.go:30" file="stackService/app.Init()"
time="2024-04-23T16:39:59+05:00" level=info msg="read application config" func="config.go:42" file="stackService/internal/config.GetConfig.func1()"
time="2024-04-23T16:39:59+05:00" level=info msg="postgresql db initiated" func="client.go:31" file="stackService/pkg/postgres.NewClient()"
time="2024-04-23T16:39:59+05:00" level=info msg="start application" func="app.go:56" file="stackService/app.Init()"
time="2024-04-23T16:39:59+05:00" level=info msg="bind application to host: 0.0.0.0 and port: 10003" func="app.go:78" file="stackService/app.start()"
time="2024-04-23T16:39:59+05:00" level=info msg="application initialized and started" func="app.go:97" file="stackService/app.start()"
time="2024-04-23T16:40:02+05:00" level=info msg="Caught signal interrupt. Shutting down..." func="shutdown.go:16" file="stackService/pkg/shutdown.Graceful()"
time="2024-04-23T16:40:02+05:00" level=warning msg="server shutdown" func="app.go:102" file="stackService/app.start()"
time="2024-04-23T16:40:23+05:00" level=info msg="logger initialized" func="app.go:29" file="stackService/app.Init()"
time="2024-04-23T16:40:23+05:00" level=info msg="config initializing" func="app.go:30" file="stackService/app.Init()"
time="2024-04-23T16:40:23+05:00" level=info msg="read application config" func="config.go:42" file="stackService/internal/config.GetConfig.func1()"
time="2024-04-23T16:40:23+05:00" level=info msg="postgresql db initiated" func="client.go:31" file="stackService/pkg/postgres.NewClient()"
time="2024-04-23T16:40:23+05:00" level=info msg="start application" func="app.go:56" file="stackService/app.Init()"
time="2024-04-23T16:40:23+05:00" level=info msg="bind application to host: 0.0.0.0 and port: 10003" func="app.go:78" file="stackService/app.start()"
time="2024-04-23T16:40:23+05:00" level=info msg="application initialized and started" func="app.go:97" file="stackService/app.start()"
time="2024-04-23T16:42:11+05:00" level=info msg="logger initialized" func="app.go:29" file="stackService/app.Init()"
time="2024-04-23T16:42:11+05:00" level=info msg="config initializing" func="app.go:30" file="stackService/app.Init()"
time="2024-04-23T16:42:11+05:00" level=info msg="read application config" func="config.go:42" file="stackService/internal/config.GetConfig.func1()"
time="2024-04-23T16:42:12+05:00" level=info msg="postgresql db initiated" func="client.go:31" file="stackService/pkg/postgres.NewClient()"
time="2024-04-23T16:42:12+05:00" level=info msg="start application" func="app.go:57" file="stackService/app.Init()"
time="2024-04-23T16:42:12+05:00" level=info msg="bind application to host: 0.0.0.0 and port: 10003" func="app.go:79" file="stackService/app.start()"
time="2024-04-23T16:42:12+05:00" level=fatal msg="listen tcp 0.0.0.0:10003: bind: address already in use" func="app.go:85" file="stackService/app.start()"
time="2024-04-23T16:42:25+05:00" level=info msg="logger initialized" func="app.go:29" file="stackService/app.Init()"
time="2024-04-23T16:42:25+05:00" level=info msg="config initializing" func="app.go:30" file="stackService/app.Init()"
time="2024-04-23T16:42:25+05:00" level=info msg="read application config" func="config.go:42" file="stackService/internal/config.GetConfig.func1()"
time="2024-04-23T16:42:25+05:00" level=info msg="postgresql db initiated" func="client.go:31" file="stackService/pkg/postgres.NewClient()"
time="2024-04-23T16:42:25+05:00" level=info msg="start application" func="app.go:57" file="stackService/app.Init()"
time="2024-04-23T16:42:25+05:00" level=info msg="bind application to host: 0.0.0.0 and port: 10003" func="app.go:79" file="stackService/app.start()"
time="2024-04-23T16:42:25+05:00" level=fatal msg="listen tcp 0.0.0.0:10003: bind: address already in use" func="app.go:85" file="stackService/app.start()"
time="2024-04-23T16:42:45+05:00" level=info msg="Caught signal interrupt. Shutting down..." func="shutdown.go:16" file="stackService/pkg/shutdown.Graceful()"
time="2024-04-23T16:42:45+05:00" level=warning msg="server shutdown" func="app.go:102" file="stackService/app.start()"
time="2024-04-23T16:42:49+05:00" level=info msg="logger initialized" func="app.go:29" file="stackService/app.Init()"
time="2024-04-23T16:42:49+05:00" level=info msg="config initializing" func="app.go:30" file="stackService/app.Init()"
time="2024-04-23T16:42:49+05:00" level=info msg="read application config" func="config.go:42" file="stackService/internal/config.GetConfig.func1()"
time="2024-04-23T16:42:49+05:00" level=info msg="postgresql db initiated" func="client.go:31" file="stackService/pkg/postgres.NewClient()"
time="2024-04-23T16:42:49+05:00" level=info msg="start application" func="app.go:57" file="stackService/app.Init()"
time="2024-04-23T16:42:49+05:00" level=info msg="bind application to host: 0.0.0.0 and port: 10003" func="app.go:79" file="stackService/app.start()"
time="2024-04-23T16:42:49+05:00" level=info msg="application initialized and started" func="app.go:98" file="stackService/app.start()"
time="2024-04-23T16:43:01+05:00" level=info msg=PUSH func="handler.go:31" file="stackService/internal/stack.(*Handler).Push()"
time="2024-04-23T16:43:02+05:00" level=info msg=PUSH func="handler.go:31" file="stackService/internal/stack.(*Handler).Push()"
time="2024-04-23T16:43:03+05:00" level=info msg=PUSH func="handler.go:31" file="stackService/internal/stack.(*Handler).Push()"
time="2024-04-23T16:43:03+05:00" level=info msg=PUSH func="handler.go:31" file="stackService/internal/stack.(*Handler).Push()"
time="2024-04-23T16:43:04+05:00" level=info msg=PUSH func="handler.go:31" file="stackService/internal/stack.(*Handler).Push()"
time="2024-04-23T16:43:04+05:00" level=info msg=PUSH func="handler.go:31" file="stackService/internal/stack.(*Handler).Push()"
time="2024-04-23T16:43:05+05:00" level=info msg=PUSH func="handler.go:31" file="stackService/internal/stack.(*Handler).Push()"
time="2024-04-23T16:43:05+05:00" level=info msg=PUSH func="handler.go:31" file="stackService/internal/stack.(*Handler).Push()"
time="2024-04-23T16:43:06+05:00" level=info msg=PUSH func="handler.go:31" file="stackService/internal/stack.(*Handler).Push()"
time="2024-04-23T16:43:06+05:00" level=info msg=PUSH func="handler.go:31" file="stackService/internal/stack.(*Handler).Push()"
time="2024-04-23T16:43:08+05:00" level=info msg=POP func="handler.go:55" file="stackService/internal/stack.(*Handler).Pop()"
time="2024-04-23T16:43:09+05:00" level=info msg=POP func="handler.go:55" file="stackService/internal/stack.(*Handler).Pop()"
time="2024-04-23T16:43:09+05:00" level=info msg=POP func="handler.go:55" file="stackService/internal/stack.(*Handler).Pop()"
time="2024-04-23T16:43:10+05:00" level=info msg=POP func="handler.go:55" file="stackService/internal/stack.(*Handler).Pop()"
time="2024-04-23T16:43:10+05:00" level=info msg=POP func="handler.go:55" file="stackService/internal/stack.(*Handler).Pop()"
time="2024-04-23T16:43:11+05:00" level=info msg=POP func="handler.go:55" file="stackService/internal/stack.(*Handler).Pop()"
time="2024-04-23T16:43:12+05:00" level=info msg=POP func="handler.go:55" file="stackService/internal/stack.(*Handler).Pop()"
time="2024-04-23T16:43:13+05:00" level=info msg=POP func="handler.go:55" file="stackService/internal/stack.(*Handler).Pop()"
time="2024-04-23T16:43:14+05:00" level=info msg=POP func="handler.go:55" file="stackService/internal/stack.(*Handler).Pop()"
time="2024-04-23T16:43:15+05:00" level=info msg=POP func="handler.go:55" file="stackService/internal/stack.(*Handler).Pop()"
time="2024-04-23T16:43:15+05:00" level=info msg=POP func="handler.go:55" file="stackService/internal/stack.(*Handler).Pop()"
time="2024-04-23T16:43:19+05:00" level=info msg=POP func="handler.go:55" file="stackService/internal/stack.(*Handler).Pop()"
time="2024-04-23T16:43:32+05:00" level=info msg=PUSH func="handler.go:31" file="stackService/internal/stack.(*Handler).Push()"
time="2024-04-23T16:43:34+05:00" level=info msg=POP func="handler.go:55" file="stackService/internal/stack.(*Handler).Pop()"
time="2024-04-23T16:43:37+05:00" level=info msg=PUSH func="handler.go:31" file="stackService/internal/stack.(*Handler).Push()"
time="2024-04-23T16:43:38+05:00" level=info msg=PUSH func="handler.go:31" file="stackService/internal/stack.(*Handler).Push()"
time="2024-04-23T16:43:40+05:00" level=info msg=PUSH func="handler.go:31" file="stackService/internal/stack.(*Handler).Push()"
time="2024-04-23T16:43:41+05:00" level=info msg=PUSH func="handler.go:31" file="stackService/internal/stack.(*Handler).Push()"
time="2024-04-23T16:44:16+05:00" level=info msg="logger initialized" func="app.go:29" file="stackService/app.Init()"
time="2024-04-23T16:44:16+05:00" level=info msg="config initializing" func="app.go:30" file="stackService/app.Init()"
time="2024-04-23T16:44:16+05:00" level=info msg="read application config" func="config.go:42" file="stackService/internal/config.GetConfig.func1()"
time="2024-04-23T16:44:16+05:00" level=info msg="postgresql db initiated" func="client.go:31" file="stackService/pkg/postgres.NewClient()"
time="2024-04-23T16:44:16+05:00" level=info msg="start application" func="app.go:57" file="stackService/app.Init()"
time="2024-04-23T16:44:16+05:00" level=info msg="bind application to host: 0.0.0.0 and port: 10003" func="app.go:79" file="stackService/app.start()"
time="2024-04-23T16:44:16+05:00" level=info msg="application initialized and started" func="app.go:98" file="stackService/app.start()"
time="2024-04-23T16:44:34+05:00" level=info msg=PUSH func="handler.go:31" file="stackService/internal/stack.(*Handler).Push()"
time="2024-04-23T16:44:35+05:00" level=info msg=PUSH func="handler.go:31" file="stackService/internal/stack.(*Handler).Push()"
time="2024-04-23T16:44:35+05:00" level=info msg=PUSH func="handler.go:31" file="stackService/internal/stack.(*Handler).Push()"
time="2024-04-23T16:44:36+05:00" level=info msg=PUSH func="handler.go:31" file="stackService/internal/stack.(*Handler).Push()"
time="2024-04-23T16:44:37+05:00" level=info msg=POP func="handler.go:55" file="stackService/internal/stack.(*Handler).Pop()"
time="2024-04-23T16:44:39+05:00" level=info msg=POP func="handler.go:55" file="stackService/internal/stack.(*Handler).Pop()"
time="2024-04-23T16:47:02+05:00" level=info msg="logger initialized" func="app.go:29" file="stackService/app.Init()"
time="2024-04-23T16:47:02+05:00" level=info msg="config initializing" func="app.go:30" file="stackService/app.Init()"
time="2024-04-23T16:47:02+05:00" level=info msg="read application config" func="config.go:42" file="stackService/internal/config.GetConfig.func1()"
time="2024-04-23T16:47:02+05:00" level=info msg="postgresql db initiated" func="client.go:31" file="stackService/pkg/postgres.NewClient()"
time="2024-04-23T16:47:02+05:00" level=info msg="start application" func="app.go:57" file="stackService/app.Init()"
time="2024-04-23T16:47:02+05:00" level=info msg="bind application to host: 0.0.0.0 and port: 10003" func="app.go:79" file="stackService/app.start()"
time="2024-04-23T16:47:02+05:00" level=info msg="application initialized and started" func="app.go:98" file="stackService/app.start()"
time="2024-04-23T16:47:18+05:00" level=info msg=PUSH func="handler.go:31" file="stackService/internal/stack.(*Handler).Push()"
time="2024-04-23T16:47:19+05:00" level=info msg=PUSH func="handler.go:31" file="stackService/internal/stack.(*Handler).Push()"
time="2024-04-23T16:47:19+05:00" level=info msg=PUSH func="handler.go:31" file="stackService/internal/stack.(*Handler).Push()"
time="2024-04-23T16:47:20+05:00" level=info msg=PUSH func="handler.go:31" file="stackService/internal/stack.(*Handler).Push()"
time="2024-04-23T16:47:20+05:00" level=info msg=PUSH func="handler.go:31" file="stackService/internal/stack.(*Handler).Push()"
time="2024-04-23T16:47:22+05:00" level=info msg=POP func="handler.go:55" file="stackService/internal/stack.(*Handler).Pop()"
time="2024-04-23T16:47:23+05:00" level=info msg=POP func="handler.go:55" file="stackService/internal/stack.(*Handler).Pop()"
time="2024-04-23T16:47:24+05:00" level=info msg=POP func="handler.go:55" file="stackService/internal/stack.(*Handler).Pop()"
time="2024-04-23T16:47:24+05:00" level=info msg=POP func="handler.go:55" file="stackService/internal/stack.(*Handler).Pop()"
time="2024-04-23T16:47:25+05:00" level=info msg=POP func="handler.go:55" file="stackService/internal/stack.(*Handler).Pop()"
time="2024-04-23T16:47:25+05:00" level=info msg=POP func="handler.go:55" file="stackService/internal/stack.(*Handler).Pop()"
time="2024-04-23T16:47:26+05:00" level=info msg=POP func="handler.go:55" file="stackService/internal/stack.(*Handler).Pop()"
time="2024-04-23T16:47:27+05:00" level=info msg=POP func="handler.go:55" file="stackService/internal/stack.(*Handler).Pop()"
time="2024-04-23T16:47:28+05:00" level=info msg=POP func="handler.go:55" file="stackService/internal/stack.(*Handler).Pop()"
time="2024-04-23T16:47:28+05:00" level=info msg=POP func="handler.go:55" file="stackService/internal/stack.(*Handler).Pop()"
time="2024-04-23T16:47:29+05:00" level=info msg=POP func="handler.go:55" file="stackService/internal/stack.(*Handler).Pop()"
time="2024-04-23T16:47:30+05:00" level=info msg=POP func="handler.go:55" file="stackService/internal/stack.(*Handler).Pop()"
time="2024-04-23T16:47:30+05:00" level=info msg=POP func="handler.go:55" file="stackService/internal/stack.(*Handler).Pop()"
time="2024-04-23T16:47:31+05:00" level=info msg=POP func="handler.go:55" file="stackService/internal/stack.(*Handler).Pop()"
time="2024-04-23T16:47:31+05:00" level=info msg=POP func="handler.go:55" file="stackService/internal/stack.(*Handler).Pop()"
time="2024-04-23T16:47:32+05:00" level=info msg=POP func="handler.go:55" file="stackService/internal/stack.(*Handler).Pop()"
time="2024-04-23T17:40:15+05:00" level=info msg="logger initialized" func="app.go:27" file="stackService/app.Init()"
time="2024-04-23T17:40:15+05:00" level=info msg="config initializing" func="app.go:28" file="stackService/app.Init()"
time="2024-04-23T17:40:15+05:00" level=info msg="read application config" func="config.go:41" file="stackService/internal/config.GetConfig.func1()"
time="2024-04-23T17:40:19+05:00" level=fatal msg="Error creating PostgreSQL client: error opening database connection: failed to connect to `host=db user=testuser database=testdb`: dial error (dial tcp 192.168.12.79:5432: connect: connection refused)" func="app.go:35" file="stackService/app.Init()"
time="2024-04-23T17:40:46+05:00" level=info msg="logger initialized" func="app.go:27" file="stackService/app.Init()"
time="2024-04-23T17:40:46+05:00" level=info msg="config initializing" func="app.go:28" file="stackService/app.Init()"
time="2024-04-23T17:40:46+05:00" level=info msg="read application config" func="config.go:41" file="stackService/internal/config.GetConfig.func1()"
time="2024-04-23T17:40:46+05:00" level=info msg="postgresql db initiated" func="client.go:31" file="stackService/pkg/postgres.NewClient()"
time="2024-04-23T17:40:46+05:00" level=info msg="start application" func="app.go:55" file="stackService/app.Init()"
time="2024-04-23T17:40:46+05:00" level=info msg="bind application to host: 0.0.0.0 and port: 10003" func="app.go:60" file="stackService/app.start()"
time="2024-04-23T17:40:46+05:00" level=info msg="application initialized and started" func="app.go:76" file="stackService/app.start()"
time="2024-04-23T17:41:18+05:00" level=info msg="logger initialized" func="app.go:27" file="stackService/app.Init()"
time="2024-04-23T17:41:18+05:00" level=info msg="config initializing" func="app.go:28" file="stackService/app.Init()"
time="2024-04-23T17:41:18+05:00" level=info msg="read application config" func="config.go:41" file="stackService/internal/config.GetConfig.func1()"
time="2024-04-23T17:41:18+05:00" level=info msg="postgresql db initiated" func="client.go:31" file="stackService/pkg/postgres.NewClient()"
time="2024-04-23T17:41:18+05:00" level=info msg="start application" func="app.go:55" file="stackService/app.Init()"
time="2024-04-23T17:41:18+05:00" level=info msg="bind application to host: 0.0.0.0 and port: 8000" func="app.go:60" file="stackService/app.start()"
time="2024-04-23T17:41:18+05:00" level=fatal msg="listen tcp 0.0.0.0:8000: bind: address already in use" func="app.go:64" file="stackService/app.start()"
time="2024-04-23T17:41:38+05:00" level=info msg="logger initialized" func="app.go:27" file="stackService/app.Init()"
time="2024-04-23T17:41:38+05:00" level=info msg="config initializing" func="app.go:28" file="stackService/app.Init()"
time="2024-04-23T17:41:38+05:00" level=info msg="read application config" func="config.go:41" file="stackService/internal/config.GetConfig.func1()"
time="2024-04-23T17:41:38+05:00" level=info msg="postgresql db initiated" func="client.go:31" file="stackService/pkg/postgres.NewClient()"
time="2024-04-23T17:41:38+05:00" level=info msg="start application" func="app.go:55" file="stackService/app.Init()"
time="2024-04-23T17:41:38+05:00" level=info msg="bind application to host: 0.0.0.0 and port: 8000" func="app.go:60" file="stackService/app.start()"
time="2024-04-23T17:41:38+05:00" level=info msg="application initialized and started" func="app.go:76" file="stackService/app.start()"
time="2024-04-23T17:41:41+05:00" level=info msg=POP func="handler.go:55" file="stackService/internal/stack.(*Handler).Pop()"
time="2024-04-23T17:41:44+05:00" level=info msg=PUSH func="handler.go:31" file="stackService/internal/stack.(*Handler).Push()"
time="2024-04-23T17:41:46+05:00" level=info msg=PUSH func="handler.go:31" file="stackService/internal/stack.(*Handler).Push()"
time="2024-04-23T17:41:47+05:00" level=info msg=PUSH func="handler.go:31" file="stackService/internal/stack.(*Handler).Push()"
time="2024-04-23T17:41:48+05:00" level=info msg=POP func="handler.go:55" file="stackService/internal/stack.(*Handler).Pop()"
time="2024-04-23T17:41:49+05:00" level=info msg=POP func="handler.go:55" file="stackService/internal/stack.(*Handler).Pop()"
time="2024-04-23T17:41:50+05:00" level=info msg=POP func="handler.go:55" file="stackService/internal/stack.(*Handler).Pop()"
time="2024-04-23T17:41:51+05:00" level=info msg=POP func="handler.go:55" file="stackService/internal/stack.(*Handler).Pop()"
